<?xml version="1.0" encoding="UTF-8"?>
<testsuite name="lombok.excercise.PersonTest" tests="1" skipped="0" failures="0" errors="0" timestamp="2017-02-06T14:00:37" hostname="MJT" time="0.0">
  <properties/>
  <testcase name="testPerson" classname="lombok.excercise.PersonTest" time="0.0"/>
  <system-out><![CDATA[]]></system-out>
  <system-err><![CDATA[]]></system-err>
</testsuite>
